{
  "RSpec": {
    "coverage": {
      "/home/kenigbolo/Desktop/meal-ordering-system/spec/controllers/orders_controller_spec.rb": [
        1,
        null,
        null,
        null,
        null
      ],
      "/home/kenigbolo/Desktop/meal-ordering-system/spec/rails_helper.rb": [
        null,
        1,
        1,
        null,
        null,
        1,
        1,
        1,
        1,
        1,
        1,
        1,
        1,
        2,
        null,
        1,
        null,
        1,
        null,
        null,
        null,
        null,
        1,
        1,
        2,
        3,
        1,
        null,
        3,
        3,
        1,
        1,
        null,
        1,
        null,
        null,
        1,
        1,
        1,
        null,
        1,
        null,
        null,
        null,
        null,
        null,
        null,
        null,
        null,
        null,
        null,
        null,
        null,
        null,
        null,
        null,
        1,
        null,
        null,
        1,
        null,
        null,
        null
      ],
      "/home/kenigbolo/Desktop/meal-ordering-system/config/environment.rb": [
        null,
        1,
        null,
        null,
        1
      ],
      "/home/kenigbolo/Desktop/meal-ordering-system/config/application.rb": [
        1,
        null,
        1,
        null,
        null,
        null,
        1,
        null,
        1,
        1,
        null,
        null,
        null,
        null,
        null
      ],
      "/home/kenigbolo/Desktop/meal-ordering-system/config/boot.rb": [
        1,
        null,
        1
      ],
      "/home/kenigbolo/Desktop/meal-ordering-system/config/environments/test.rb": [
        1,
        null,
        null,
        null,
        null,
        null,
        null,
        1,
        null,
        null,
        null,
        null,
        1,
        null,
        null,
        1,
        1,
        null,
        null,
        null,
        null,
        1,
        1,
        null,
        null,
        1,
        null,
        null,
        1,
        1,
        null,
        null,
        null,
        null,
        1,
        null,
        null,
        1,
        null,
        null,
        null,
        null
      ],
      "/home/kenigbolo/Desktop/meal-ordering-system/config/initializers/application_controller_renderer.rb": [
        null,
        null,
        null,
        null,
        null,
        null
      ],
      "/home/kenigbolo/Desktop/meal-ordering-system/config/initializers/assets.rb": [
        null,
        null,
        null,
        1,
        null,
        null,
        null,
        null,
        null,
        null,
        null
      ],
      "/home/kenigbolo/Desktop/meal-ordering-system/config/initializers/backtrace_silencers.rb": [
        null,
        null,
        null,
        null,
        null,
        null,
        null
      ],
      "/home/kenigbolo/Desktop/meal-ordering-system/config/initializers/cookies_serializer.rb": [
        null,
        null,
        null,
        null,
        1
      ],
      "/home/kenigbolo/Desktop/meal-ordering-system/config/initializers/filter_parameter_logging.rb": [
        null,
        null,
        null,
        1
      ],
      "/home/kenigbolo/Desktop/meal-ordering-system/config/initializers/inflections.rb": [
        null,
        null,
        null,
        null,
        null,
        null,
        null,
        null,
        null,
        null,
        null,
        null,
        null,
        null,
        null,
        null
      ],
      "/home/kenigbolo/Desktop/meal-ordering-system/config/initializers/mime_types.rb": [
        null,
        null,
        null,
        null
      ],
      "/home/kenigbolo/Desktop/meal-ordering-system/config/initializers/new_framework_defaults.rb": [
        null,
        null,
        null,
        null,
        null,
        null,
        null,
        1,
        null,
        null,
        1,
        null,
        null,
        null,
        1,
        null,
        null,
        1,
        null,
        null,
        1,
        null,
        null,
        1
      ],
      "/home/kenigbolo/Desktop/meal-ordering-system/config/initializers/omniauth.rb": [
        1,
        null,
        1,
        null,
        1,
        null,
        null
      ],
      "/home/kenigbolo/Desktop/meal-ordering-system/config/initializers/session_store.rb": [
        null,
        null,
        1
      ],
      "/home/kenigbolo/Desktop/meal-ordering-system/config/initializers/wrap_parameters.rb": [
        null,
        null,
        null,
        null,
        null,
        null,
        1,
        2,
        null,
        null,
        null,
        null,
        null,
        null
      ],
      "/home/kenigbolo/Desktop/meal-ordering-system/config/routes.rb": [
        1,
        null,
        1,
        null,
        null,
        null,
        1,
        1,
        1,
        null
      ],
      "/home/kenigbolo/Desktop/meal-ordering-system/app/helpers/application_helper.rb": [
        1,
        null
      ],
      "/home/kenigbolo/Desktop/meal-ordering-system/app/helpers/orders_helper.rb": [
        1,
        null
      ],
      "/home/kenigbolo/Desktop/meal-ordering-system/spec/support/omniauth_helper.rb": [
        1,
        1,
        null,
        1,
        0,
        null,
        null,
        1,
        0,
        null,
        null,
        1,
        0,
        null,
        null,
        1,
        0,
        null,
        null,
        1,
        0,
        null,
        null,
        null,
        null,
        null,
        null,
        null,
        null,
        null,
        null,
        null,
        null,
        null,
        null,
        null,
        null,
        null,
        null,
        null,
        null,
        null,
        null,
        null,
        null,
        null,
        null,
        null,
        null,
        null,
        null,
        null,
        null,
        null,
        null,
        null,
        null,
        1,
        0,
        null,
        null,
        null,
        null,
        null,
        null,
        null,
        null,
        null,
        null,
        null,
        null,
        null,
        null,
        null
      ],
      "/home/kenigbolo/Desktop/meal-ordering-system/spec/helpers/orders_helper_spec.rb": [
        1,
        null,
        null,
        null,
        null,
        null,
        null,
        null,
        null,
        null,
        null,
        null,
        null,
        null,
        null,
        null,
        null
      ],
      "/home/kenigbolo/Desktop/meal-ordering-system/spec/models/user_spec.rb": [
        1,
        null,
        1,
        1,
        1,
        1,
        1,
        1,
        1,
        null,
        null,
        1,
        2,
        null,
        null,
        1,
        1,
        1,
        null,
        null,
        null,
        null
      ],
      "/home/kenigbolo/Desktop/meal-ordering-system/app/models/user.rb": [
        1,
        null,
        1,
        0,
        0,
        0,
        0,
        0,
        0,
        null,
        null,
        null
      ],
      "/home/kenigbolo/Desktop/meal-ordering-system/app/models/application_record.rb": [
        1,
        1,
        null
      ]
    },
    "timestamp": 1471507307
  }
}
