{
  "RSpec": {
    "coverage": {
      "/home/kenigbolo/Desktop/meal-ordering-system/app/helpers/application_helper.rb": [
        1,
        null
      ],
      "/home/kenigbolo/Desktop/meal-ordering-system/app/helpers/orders_helper.rb": [
        1,
        null
      ],
      "/home/kenigbolo/Desktop/meal-ordering-system/app/controllers/orders_controller.rb": [
        1,
        1,
        2,
        null,
        null,
        1,
        0,
        null,
        null,
        1,
        0,
        0,
        0,
        null,
        null,
        1,
        0,
        0,
        null,
        0,
        0,
        0,
        null,
        null,
        null,
        1,
        0,
        0,
        null,
        0,
        0,
        0,
        null,
        null
      ],
      "/home/kenigbolo/Desktop/meal-ordering-system/app/controllers/application_controller.rb": [
        1,
        1,
        1,
        1,
        0,
        null,
        null
      ],
      "/home/kenigbolo/Desktop/meal-ordering-system/app/models/meal.rb": [
        1,
        1,
        null
      ],
      "/home/kenigbolo/Desktop/meal-ordering-system/app/models/application_record.rb": [
        1,
        1,
        null
      ],
      "/home/kenigbolo/Desktop/meal-ordering-system/app/models/order.rb": [
        1,
        1,
        null
      ],
      "/home/kenigbolo/Desktop/meal-ordering-system/app/models/user.rb": [
        1,
        1,
        1,
        0,
        0,
        0,
        0,
        0,
        0,
        null,
        null,
        null
      ]
    },
    "timestamp": 1471601365
  }
}
